<?xml version="1.0" encoding="UTF-8"?>
<!-- Generated by org.testng.reporters.JUnitReportReporter -->
<testsuite hostname="hp-probook-440-G4" failures="0" tests="1" name="testCasePackage.Tc0001_login" time="24.060" errors="0" timestamp="2022-03-02T23:00:02 BDT" skipped="0">
  <testcase classname="testCasePackage.Tc0001_login" name="login" time="24.060"/>
  <system-out/>
</testsuite> <!-- testCasePackage.Tc0001_login -->
