<?xml version="1.0" encoding="UTF-8"?>
<!-- Generated by org.testng.reporters.JUnitReportReporter -->
<testsuite hostname="hp-probook-440-G4" failures="0" tests="1" name="testCasePackage.TC_008_DragAndDrop" time="10.731" errors="0" timestamp="2022-03-23T12:23:21 BDT" skipped="0">
  <testcase classname="testCasePackage.TC_008_DragAndDrop" name="dragAndDropCheck" time="10.731"/>
  <system-out/>
</testsuite> <!-- testCasePackage.TC_008_DragAndDrop -->
