<?xml version="1.0" encoding="UTF-8"?>
<!-- Generated by org.testng.reporters.JUnitReportReporter -->
<testsuite hostname="hp-probook-440-G4" failures="0" tests="1" name="testCasePackage.TC007_RightClick" time="6.005" errors="0" timestamp="2022-03-23T12:20:23 BDT" skipped="0">
  <testcase classname="testCasePackage.TC007_RightClick" name="doubleClickRightClick" time="6.005"/>
  <system-out/>
</testsuite> <!-- testCasePackage.TC007_RightClick -->
