<?xml version="1.0" encoding="UTF-8"?>
<!-- Generated by org.testng.reporters.JUnitReportReporter -->
<testsuite hostname="hp-probook-440-G4" failures="0" tests="2" name="testCasePackage.TC004_DropDown" time="15.462" errors="0" timestamp="2022-03-23T12:04:25 BDT" skipped="0">
  <testcase classname="testCasePackage.TC004_DropDown" name="selectingValueFromDropdown" time="11.227"/>
  <system-out/>
  <testcase classname="testCasePackage.TC004_DropDown" name="selectingMultipleValueFromDropdown" time="4.235"/>
  <system-out/>
</testsuite> <!-- testCasePackage.TC004_DropDown -->
