<?xml version="1.0" encoding="UTF-8"?>
<!-- Generated by org.testng.reporters.JUnitReportReporter -->
<testsuite hostname="hp-probook-440-G4" failures="0" tests="2" name="testCasePackage.TC002_VerifyPageTitle" time="7.684" errors="0" timestamp="2022-03-23T11:40:39 BDT" skipped="0">
  <testcase classname="testCasePackage.TC002_VerifyPageTitle" name="isWebsiteSecured" time="0.085"/>
  <system-out/>
  <testcase classname="testCasePackage.TC002_VerifyPageTitle" name="verifyPageTitle_shoudPass" time="7.599"/>
  <system-out/>
</testsuite> <!-- testCasePackage.TC002_VerifyPageTitle -->
