<?xml version="1.0" encoding="UTF-8"?>
<!-- Generated by org.testng.reporters.JUnitReportReporter -->
<testsuite hostname="sabbir-asus" failures="0" tests="1" name="testCasePackage.TC001_LocatorLearning" time="16.020" errors="0" timestamp="2022-03-11T20:13:43 BDT" skipped="0">
  <testcase classname="testCasePackage.TC001_LocatorLearning" name="locatorLearning" time="16.020"/>
  <system-out/>
</testsuite> <!-- testCasePackage.TC001_LocatorLearning -->
