<?xml version="1.0" encoding="UTF-8"?>
<!-- Generated by org.testng.reporters.JUnitReportReporter -->
<testsuite hostname="hp-probook-440-G4" failures="0" tests="1" name="testCasePackage.TC008_Slider" time="24.088" errors="0" timestamp="2022-03-23T12:29:50 BDT" skipped="0">
  <testcase classname="testCasePackage.TC008_Slider" name="sliderCheck" time="24.088"/>
  <system-out/>
</testsuite> <!-- testCasePackage.TC008_Slider -->
