<?xml version="1.0" encoding="UTF-8"?>
<!-- Generated by org.testng.reporters.JUnitReportReporter -->
<testsuite hostname="hp-probook-440-G4" failures="0" tests="1" name="testCasePackage.TC003_chekboxAndradioButton" time="18.949" errors="0" timestamp="2022-03-24T12:15:24 BDT" skipped="0">
  <testcase classname="testCasePackage.TC003_chekboxAndradioButton" name="CheckBoxAndRadioButtonInFrame" time="18.949"/>
  <system-out/>
</testsuite> <!-- testCasePackage.TC003_chekboxAndradioButton -->
