<?xml version="1.0" encoding="UTF-8"?>
<!-- Generated by org.testng.reporters.JUnitReportReporter -->
<testsuite hostname="hp-probook-440-G4" failures="0" tests="1" name="testCasePackage.TC009_KeyboardEvent" time="29.460" errors="0" timestamp="2022-03-23T12:30:47 BDT" skipped="0">
  <testcase classname="testCasePackage.TC009_KeyboardEvent" name="KeyboardEventCheck" time="29.460"/>
  <system-out/>
</testsuite> <!-- testCasePackage.TC009_KeyboardEvent -->
