<?xml version="1.0" encoding="UTF-8"?>
<!-- Generated by org.testng.reporters.JUnitReportReporter -->
<testsuite hostname="sabbir-asus" failures="0" tests="1" name="testCasePackageAdvance.TC001_LocatorLearning_POM_TestCase" time="20.190" errors="0" timestamp="2022-03-12T20:54:36 BDT" skipped="0">
  <testcase classname="testCasePackageAdvance.TC001_LocatorLearning_POM_TestCase" name="locatorLearning" time="20.190"/>
  <system-out/>
</testsuite> <!-- testCasePackageAdvance.TC001_LocatorLearning_POM_TestCase -->
