<?xml version="1.0" encoding="UTF-8"?>
<!-- Generated by org.testng.reporters.JUnitReportReporter -->
<testsuite hostname="sabbir-asus" failures="0" tests="1" name="testCasePackageAdvance.TC003_checkBoxAndRadioButton_POM_TestCase" time="19.263" errors="0" timestamp="2022-03-12T20:11:57 BDT" skipped="0">
  <testcase classname="testCasePackageAdvance.TC003_checkBoxAndRadioButton_POM_TestCase" name="CheckBoxAndRadioButtonInFrame" time="19.263"/>
  <system-out/>
</testsuite> <!-- testCasePackageAdvance.TC003_checkBoxAndRadioButton_POM_TestCase -->
