<?xml version="1.0" encoding="UTF-8"?>
<!-- Generated by org.testng.reporters.JUnitReportReporter -->
<testsuite hostname="hp-probook-440-G4" failures="0" tests="1" name="testCasePackage.TC007_RightClick" time="11.172" errors="0" timestamp="2022-03-25T00:59:33 BDT" skipped="0">
  <testcase classname="testCasePackage.TC007_RightClick" name="doubleClickRightClick" time="11.172"/>
  <system-out/>
</testsuite> <!-- testCasePackage.TC007_RightClick -->
