<?xml version="1.0" encoding="UTF-8"?>
<!-- Generated by org.testng.reporters.JUnitReportReporter -->
<testsuite hostname="hp-probook-440-G4" failures="0" tests="1" name="testcasePackage.TC0001_createAccount" time="11.447" errors="0" timestamp="2022-03-03T01:58:38 BDT" skipped="0">
  <testcase classname="testcasePackage.TC0001_createAccount" name="signup" time="11.447"/>
  <system-out/>
</testsuite> <!-- testcasePackage.TC0001_createAccount -->
