<?xml version="1.0" encoding="UTF-8"?>
<!-- Generated by org.testng.reporters.JUnitReportReporter -->
<testsuite hostname="hp-probook-440-G4" failures="0" tests="1" name="testCasePackage.TC_0001_submitForm" time="11.997" errors="0" timestamp="2022-03-03T01:17:33 BDT" skipped="0">
  <testcase classname="testCasePackage.TC_0001_submitForm" name="fillForm" time="11.997"/>
  <system-out/>
</testsuite> <!-- testCasePackage.TC_0001_submitForm -->
