<?xml version="1.0" encoding="UTF-8"?>
<!-- Generated by org.testng.reporters.JUnitReportReporter -->
<testsuite hostname="hp-probook-440-G4" failures="0" tests="1" name="testCasePackage.TC_0001_submitForm" time="16.105" errors="0" timestamp="2022-03-14T11:19:56 BDT" skipped="0">
  <testcase classname="testCasePackage.TC_0001_submitForm" name="fillForm" time="16.105"/>
  <system-out/>
</testsuite> <!-- testCasePackage.TC_0001_submitForm -->
