<?xml version="1.0" encoding="UTF-8"?>
<!-- Generated by org.testng.reporters.JUnitReportReporter -->
<testsuite hostname="hp-probook-440-G4" failures="0" tests="1" name="testcasePackage.TC0002_forgotPassword" time="4.898" errors="0" timestamp="2022-03-14T01:37:38 BDT" skipped="0">
  <testcase classname="testcasePackage.TC0002_forgotPassword" name="forgotPassword" time="4.898"/>
  <system-out/>
</testsuite> <!-- testcasePackage.TC0002_forgotPassword -->
