<?xml version="1.0" encoding="UTF-8"?>
<!-- Generated by org.testng.reporters.JUnitReportReporter -->
<testsuite hostname="hp-probook-440-G4" failures="0" tests="1" name="testcasePackage.TC0001_login" time="8.059" errors="0" timestamp="2022-03-14T01:36:33 BDT" skipped="0">
  <testcase classname="testcasePackage.TC0001_login" name="login" time="8.059"/>
  <system-out/>
</testsuite> <!-- testcasePackage.TC0001_login -->
