<?xml version="1.0" encoding="UTF-8"?>
<!-- Generated by org.testng.reporters.JUnitReportReporter -->
<testsuite hostname="hp-probook-440-G4" failures="0" tests="1" name="testcasePackage.TC002_CheckboxAndRedioButton" time="4.916" errors="0" timestamp="2022-03-24T12:49:57 BDT" skipped="0">
  <testcase classname="testcasePackage.TC002_CheckboxAndRedioButton" name="clickOPtions" time="4.916"/>
  <system-out/>
</testsuite> <!-- testcasePackage.TC002_CheckboxAndRedioButton -->
