<?xml version="1.0" encoding="UTF-8"?>
<!-- Generated by org.testng.reporters.JUnitReportReporter -->
<testsuite hostname="hp-probook-440-G4" failures="0" tests="2" name="testcasePackage.TC001_VerifyPageTitle" time="12.875" errors="0" timestamp="2022-03-24T12:11:44 BDT" skipped="0">
  <testcase classname="testcasePackage.TC001_VerifyPageTitle" name="checkPageSecureOrNot" time="0.073"/>
  <system-out/>
  <testcase classname="testcasePackage.TC001_VerifyPageTitle" name="checkPageTitle" time="12.802"/>
  <system-out/>
</testsuite> <!-- testcasePackage.TC001_VerifyPageTitle -->
