<?xml version="1.0" encoding="UTF-8"?>
<!-- Generated by org.testng.reporters.JUnitReportReporter -->
<testsuite hostname="hp-probook-440-G4" failures="0" tests="1" name="testcasePackage.TC004_DoubleClickForSelect" time="8.516" errors="0" timestamp="2022-03-25T01:03:07 BDT" skipped="0">
  <testcase classname="testcasePackage.TC004_DoubleClickForSelect" name="selectText" time="8.516"/>
  <system-out/>
</testsuite> <!-- testcasePackage.TC004_DoubleClickForSelect -->
