<?xml version="1.0" encoding="UTF-8"?>
<!-- Generated by org.testng.reporters.JUnitReportReporter -->
<testsuite hostname="hp-probook-440-G4" failures="0" tests="2" name="testcasePackage.TC003_DropDown" time="28.573" errors="0" timestamp="2022-03-25T00:50:44 BDT" skipped="0">
  <testcase classname="testcasePackage.TC003_DropDown" name="hoverDropDown" time="16.824"/>
  <system-out/>
  <testcase classname="testcasePackage.TC003_DropDown" name="dropDown" time="11.749"/>
  <system-out/>
</testsuite> <!-- testcasePackage.TC003_DropDown -->
